<?xml version="1.0" encoding="UTF-8"?>
<!-- Generated by org.testng.reporters.JUnitReportReporter -->
<testsuite hostname="DESKTOP-S8RM62I" failures="0" tests="1" name="testCases.TC002_LoginTest" time="1.715" errors="0" timestamp="2025-07-01T00:07:42 IST" skipped="0">
  <testcase classname="testCases.TC002_LoginTest" name="verify_login" time="1.715"/>
</testsuite> <!-- testCases.TC002_LoginTest -->
