<?xml version="1.0" encoding="UTF-8"?>
<!-- Generated by org.testng.reporters.JUnitReportReporter -->
<testsuite hostname="DESKTOP-S8RM62I" failures="0" tests="1" name="testCases.TC001_AccountRegistrationTest" time="2.032" errors="0" timestamp="2025-06-29T00:12:21 IST" skipped="0">
  <testcase classname="testCases.TC001_AccountRegistrationTest" name="verify_account_registration" time="2.032"/>
</testsuite> <!-- testCases.TC001_AccountRegistrationTest -->
