<?xml version="1.0" encoding="UTF-8"?>
<!-- Generated by org.testng.reporters.JUnitReportReporter -->
<testsuite hostname="DESKTOP-S8RM62I" failures="0" tests="1" name="testCases.TC001_AccountRegistrationTest" time="2.044" errors="0" timestamp="2025-07-01T00:05:48 IST" skipped="0">
  <testcase classname="testCases.TC001_AccountRegistrationTest" name="verify_account_registration" time="2.044"/>
</testsuite> <!-- testCases.TC001_AccountRegistrationTest -->
