<?xml version="1.0" encoding="UTF-8"?>
<!-- Generated by org.testng.reporters.JUnitReportReporter -->
<testsuite hostname="DESKTOP-S8RM62I" failures="0" tests="1" name="testCases.TC002_LoginTest" time="1.733" errors="0" timestamp="2025-06-29T01:03:14 IST" skipped="0">
  <testcase classname="testCases.TC002_LoginTest" name="verify_login" time="1.733"/>
</testsuite> <!-- testCases.TC002_LoginTest -->
